<?xml version="1.0" encoding="UTF-8"?>
<testng-results total="2" passed="1" failed="1" skipped="0">
  <reporter-output>
  </reporter-output>
  <suite started-at="2024-04-17T17:15:01Z" name="Default suite" finished-at="2024-04-17T17:15:23Z" duration-ms="22070">
    <groups>
      <group name="cucumber">
        <method signature="AbstractTestNGCucumberTests.runScenario(io.cucumber.testng.PickleWrapper, io.cucumber.testng.FeatureWrapper)[pri:0, instance:Cucumber.TestNGTestRunner@6239aba6]" name="runScenario" class="io.cucumber.testng.AbstractTestNGCucumberTests"/>
      </group> <!-- cucumber -->
    </groups>
    <test started-at="2024-04-17T17:15:01Z" name="Default test" finished-at="2024-04-17T17:15:23Z" duration-ms="22070">
      <class name="Cucumber.TestNGTestRunner">
        <test-method is-config="true" signature="setUpClass(org.testng.ITestContext)[pri:0, instance:Cucumber.TestNGTestRunner@6239aba6]" started-at="2024-04-18T00:15:01Z" name="setUpClass" finished-at="2024-04-18T00:15:02Z" duration-ms="568" status="PASS">
          <params>
            <param index="0">
              <value>
                <![CDATA[org.testng.TestRunner@5b7aa898]]>
              </value>
            </param>
          </params>
          <reporter-output>
          </reporter-output>
        </test-method> <!-- setUpClass -->
        <test-method signature="runScenario(io.cucumber.testng.PickleWrapper, io.cucumber.testng.FeatureWrapper)[pri:0, instance:Cucumber.TestNGTestRunner@6239aba6]" started-at="2024-04-18T00:15:02Z" name="runScenario" description="Runs Cucumber Scenarios" data-provider="scenarios" finished-at="2024-04-18T00:15:07Z" duration-ms="4920" status="FAIL">
          <params>
            <param index="0">
              <value>
                <![CDATA["Title of your scenario outline"]]>
              </value>
            </param>
            <param index="1">
              <value>
                <![CDATA["Error validation"]]>
              </value>
            </param>
          </params>
          <exception class="java.lang.NullPointerException">
            <message>
              <![CDATA[Cannot invoke "SeleniumFrameworkDesign.PageObject.ComfirmationPage.verifycomfirmationMessage()" because "this.comfirmationpage" is null]]>
            </message>
            <full-stacktrace>
              <![CDATA[java.lang.NullPointerException: Cannot invoke "SeleniumFrameworkDesign.PageObject.ComfirmationPage.verifycomfirmationMessage()" because "this.comfirmationpage" is null
	at SeleniumFrameworkDesign.stepDefinitions.StepDefinitionImp.message_is_displayed_on_ConfirmationPage(StepDefinitionImp.java:62)
	at ✽."Incorrect email or password." message is displayed on ConfirmationPage(file:///D:/new%20project/SeleniumFrameworkDesign/src/test/java/Cucumber/Errorvalidation.feature:12)
]]>
            </full-stacktrace>
          </exception> <!-- java.lang.NullPointerException -->
          <reporter-output>
          </reporter-output>
        </test-method> <!-- runScenario -->
        <test-method signature="runScenario(io.cucumber.testng.PickleWrapper, io.cucumber.testng.FeatureWrapper)[pri:0, instance:Cucumber.TestNGTestRunner@6239aba6]" started-at="2024-04-18T00:15:07Z" name="runScenario" description="Runs Cucumber Scenarios" data-provider="scenarios" finished-at="2024-04-18T00:15:23Z" duration-ms="16538" status="PASS">
          <params>
            <param index="0">
              <value>
                <![CDATA["Positive and submitted the order"]]>
              </value>
            </param>
            <param index="1">
              <value>
                <![CDATA["Phurchase the order from Ecommerce website"]]>
              </value>
            </param>
          </params>
          <reporter-output>
          </reporter-output>
        </test-method> <!-- runScenario -->
        <test-method is-config="true" signature="tearDownClass()[pri:0, instance:Cucumber.TestNGTestRunner@6239aba6]" started-at="2024-04-18T00:15:23Z" name="tearDownClass" finished-at="2024-04-18T00:15:23Z" duration-ms="32" status="PASS">
          <reporter-output>
          </reporter-output>
        </test-method> <!-- tearDownClass -->
      </class> <!-- Cucumber.TestNGTestRunner -->
    </test> <!-- Default test -->
  </suite> <!-- Default suite -->
</testng-results>
